<?xml version="1.0" encoding="utf-8"?>
<TestResultCollection xmlns:xsi="http://www.w3.org/2001/XMLSchema-instance" xmlns:xsd="http://www.w3.org/2001/XMLSchema">
  <AllTestResults>
    <TestResult>
      <creationTime>514</creationTime>
      <copyTime>1141</copyTime>
      <deleteTime>1464</deleteTime>
      <testTime>1/16/2014 4:00:03 PM</testTime>
      <numFiles>1000</numFiles>
      <notes>baseline</notes>
    </TestResult>
  </AllTestResults>
</TestResultCollection>